1566865036603	mozrunner::runner	INFO	Running command: "/usr/bin/firefox" "-marionette" "-foreground" "-no-remote" "-profile" "/tmp/rust_mozprofile.7NMeNJvZs3Qy"
1566865045159	addons.webextension.screenshots@mozilla.org	WARN	Loading extension 'screenshots@mozilla.org': Reading manifest: Invalid extension permission: mozillaAddons
1566865045159	addons.webextension.screenshots@mozilla.org	WARN	Loading extension 'screenshots@mozilla.org': Reading manifest: Invalid extension permission: telemetry
1566865045160	addons.webextension.screenshots@mozilla.org	WARN	Loading extension 'screenshots@mozilla.org': Reading manifest: Invalid extension permission: resource://pdf.js/
1566865045160	addons.webextension.screenshots@mozilla.org	WARN	Loading extension 'screenshots@mozilla.org': Reading manifest: Invalid extension permission: about:reader*
1566865058928	Marionette	INFO	Listening on port 39511
1566865058976	Marionette	WARN	TLS certificate errors will be ignored for this session
1566865099704	Marionette	INFO	Stopped listening on port 39511
1566865221625	mozrunner::runner	INFO	Running command: "/usr/bin/firefox" "-marionette" "-foreground" "-no-remote" "-profile" "/tmp/rust_mozprofile.3P7wE2s2G6iQ"
1566865224129	addons.webextension.screenshots@mozilla.org	WARN	Loading extension 'screenshots@mozilla.org': Reading manifest: Invalid extension permission: mozillaAddons
1566865224129	addons.webextension.screenshots@mozilla.org	WARN	Loading extension 'screenshots@mozilla.org': Reading manifest: Invalid extension permission: telemetry
1566865224131	addons.webextension.screenshots@mozilla.org	WARN	Loading extension 'screenshots@mozilla.org': Reading manifest: Invalid extension permission: resource://pdf.js/
1566865224131	addons.webextension.screenshots@mozilla.org	WARN	Loading extension 'screenshots@mozilla.org': Reading manifest: Invalid extension permission: about:reader*
1566865233399	Marionette	INFO	Listening on port 35239
1566865233479	Marionette	WARN	TLS certificate errors will be ignored for this session
1566865278693	mozrunner::runner	INFO	Running command: "/usr/bin/firefox" "-marionette" "-foreground" "-no-remote" "-profile" "/tmp/rust_mozprofile.LCyHsZCdEK4w"
1566865281974	addons.webextension.screenshots@mozilla.org	WARN	Loading extension 'screenshots@mozilla.org': Reading manifest: Invalid extension permission: mozillaAddons
1566865281983	addons.webextension.screenshots@mozilla.org	WARN	Loading extension 'screenshots@mozilla.org': Reading manifest: Invalid extension permission: telemetry
1566865281983	addons.webextension.screenshots@mozilla.org	WARN	Loading extension 'screenshots@mozilla.org': Reading manifest: Invalid extension permission: resource://pdf.js/
1566865281984	addons.webextension.screenshots@mozilla.org	WARN	Loading extension 'screenshots@mozilla.org': Reading manifest: Invalid extension permission: about:reader*
1566865283620	Marionette	INFO	Stopped listening on port 35239
1566865291674	Marionette	INFO	Listening on port 35381
1566865291792	Marionette	WARN	TLS certificate errors will be ignored for this session
JavaScript error: http://127.0.0.1:8000/, line 101: TypeError: labelInput is null
JavaScript warning: https://vlibras.gov.br/app/vlibras-plugin.js, line 7879: unreachable code after return statement
1566865296199	Marionette	INFO	Stopped listening on port 35381
1566865330801	mozrunner::runner	INFO	Running command: "/usr/bin/firefox" "-marionette" "-foreground" "-no-remote" "-profile" "/tmp/rust_mozprofile.Ghaol14aUv76"
1566865332773	addons.webextension.screenshots@mozilla.org	WARN	Loading extension 'screenshots@mozilla.org': Reading manifest: Invalid extension permission: mozillaAddons
1566865332774	addons.webextension.screenshots@mozilla.org	WARN	Loading extension 'screenshots@mozilla.org': Reading manifest: Invalid extension permission: telemetry
1566865332775	addons.webextension.screenshots@mozilla.org	WARN	Loading extension 'screenshots@mozilla.org': Reading manifest: Invalid extension permission: resource://pdf.js/
1566865332775	addons.webextension.screenshots@mozilla.org	WARN	Loading extension 'screenshots@mozilla.org': Reading manifest: Invalid extension permission: about:reader*
1566865340010	Marionette	INFO	Listening on port 38197
1566865340114	Marionette	WARN	TLS certificate errors will be ignored for this session
JavaScript error: http://127.0.0.1:8000/, line 101: TypeError: labelInput is null
JavaScript warning: https://vlibras.gov.br/app/vlibras-plugin.js, line 7879: unreachable code after return statement
1566865343067	Marionette	INFO	Stopped listening on port 38197
1566865379628	mozrunner::runner	INFO	Running command: "/usr/bin/firefox" "-marionette" "-foreground" "-no-remote" "-profile" "/tmp/rust_mozprofile.VayugqiskDwm"
1566865381679	addons.webextension.screenshots@mozilla.org	WARN	Loading extension 'screenshots@mozilla.org': Reading manifest: Invalid extension permission: mozillaAddons
1566865381680	addons.webextension.screenshots@mozilla.org	WARN	Loading extension 'screenshots@mozilla.org': Reading manifest: Invalid extension permission: telemetry
1566865381681	addons.webextension.screenshots@mozilla.org	WARN	Loading extension 'screenshots@mozilla.org': Reading manifest: Invalid extension permission: resource://pdf.js/
1566865381682	addons.webextension.screenshots@mozilla.org	WARN	Loading extension 'screenshots@mozilla.org': Reading manifest: Invalid extension permission: about:reader*
1566865389019	Marionette	INFO	Listening on port 44607
1566865389078	Marionette	WARN	TLS certificate errors will be ignored for this session
JavaScript error: http://127.0.0.1:8000/accounts/login/, line 185: TypeError: labelInput is null
JavaScript warning: https://vlibras.gov.br/app/vlibras-plugin.js, line 7879: unreachable code after return statement

(firefox:10245): GLib-GObject-WARNING **: 20:23:13.305: ../../../gobject/gsignal.c:3492: signal name 'selection_changed' is invalid for instance '0x7fe6c83311a0' of type 'MaiAtkType139'
1566865394458	Marionette	INFO	Stopped listening on port 44607
1566865420204	mozrunner::runner	INFO	Running command: "/usr/bin/firefox" "-marionette" "-foreground" "-no-remote" "-profile" "/tmp/rust_mozprofile.4nUh1n2l5BuE"
1566865422052	addons.webextension.screenshots@mozilla.org	WARN	Loading extension 'screenshots@mozilla.org': Reading manifest: Invalid extension permission: mozillaAddons
1566865422053	addons.webextension.screenshots@mozilla.org	WARN	Loading extension 'screenshots@mozilla.org': Reading manifest: Invalid extension permission: telemetry
1566865422054	addons.webextension.screenshots@mozilla.org	WARN	Loading extension 'screenshots@mozilla.org': Reading manifest: Invalid extension permission: resource://pdf.js/
1566865422054	addons.webextension.screenshots@mozilla.org	WARN	Loading extension 'screenshots@mozilla.org': Reading manifest: Invalid extension permission: about:reader*
1566865429451	Marionette	INFO	Listening on port 44829
1566865429511	Marionette	WARN	TLS certificate errors will be ignored for this session
JavaScript error: http://127.0.0.1:8000/accounts/login/, line 185: TypeError: labelInput is null

(firefox:10507): GLib-GObject-WARNING **: 20:23:51.703: ../../../gobject/gsignal.c:3492: signal name 'selection_changed' is invalid for instance '0x7ff17b95d420' of type 'MaiAtkType139'
JavaScript warning: https://vlibras.gov.br/app/vlibras-plugin.js, line 7879: unreachable code after return statement

(firefox:10507): GLib-GObject-WARNING **: 20:23:54.247: ../../../gobject/gsignal.c:3492: signal name 'selection_changed' is invalid for instance '0x7ff17b95d7e0' of type 'MaiAtkType139'

(/usr/lib/firefox/firefox:10585): dconf-WARNING **: 20:23:54.533: Unable to open /var/lib/snapd/desktop/dconf/profile/user: Permissão negada
1566865434609	Marionette	INFO	Stopped listening on port 44829
1566865959433	mozrunner::runner	INFO	Running command: "/usr/bin/firefox" "-marionette" "-foreground" "-no-remote" "-profile" "/tmp/rust_mozprofile.rmVUpK4lGvUY"
1566865961464	addons.webextension.screenshots@mozilla.org	WARN	Loading extension 'screenshots@mozilla.org': Reading manifest: Invalid extension permission: mozillaAddons
1566865961466	addons.webextension.screenshots@mozilla.org	WARN	Loading extension 'screenshots@mozilla.org': Reading manifest: Invalid extension permission: telemetry
1566865961468	addons.webextension.screenshots@mozilla.org	WARN	Loading extension 'screenshots@mozilla.org': Reading manifest: Invalid extension permission: resource://pdf.js/
1566865961468	addons.webextension.screenshots@mozilla.org	WARN	Loading extension 'screenshots@mozilla.org': Reading manifest: Invalid extension permission: about:reader*
1566865968979	Marionette	INFO	Listening on port 41135
1566865969048	Marionette	WARN	TLS certificate errors will be ignored for this session

(firefox:11064): GLib-GObject-WARNING **: 20:32:56.246: ../../../gobject/gsignal.c:3492: signal name 'selection_changed' is invalid for instance '0x7f9b29a361a0' of type 'MaiAtkType139'
JavaScript error: http://127.0.0.1:8000/accounts/login/, line 185: TypeError: labelInput is null
JavaScript warning: https://vlibras.gov.br/app/vlibras-plugin.js, line 7879: unreachable code after return statement

(firefox:11064): GLib-GObject-WARNING **: 20:33:01.739: ../../../gobject/gsignal.c:3492: signal name 'selection_changed' is invalid for instance '0x7f9b29a54060' of type 'MaiAtkType139'

(/usr/lib/firefox/firefox:11143): dconf-WARNING **: 20:33:01.821: Unable to open /var/lib/snapd/desktop/dconf/profile/user: Permissão negada
1566865981915	Marionette	INFO	Stopped listening on port 41135
1566865988992	mozrunner::runner	INFO	Running command: "/usr/bin/firefox" "-marionette" "-foreground" "-no-remote" "-profile" "/tmp/rust_mozprofile.mhOFAzcBsMbh"
1566865990932	addons.webextension.screenshots@mozilla.org	WARN	Loading extension 'screenshots@mozilla.org': Reading manifest: Invalid extension permission: mozillaAddons
1566865990932	addons.webextension.screenshots@mozilla.org	WARN	Loading extension 'screenshots@mozilla.org': Reading manifest: Invalid extension permission: telemetry
1566865990933	addons.webextension.screenshots@mozilla.org	WARN	Loading extension 'screenshots@mozilla.org': Reading manifest: Invalid extension permission: resource://pdf.js/
1566865990934	addons.webextension.screenshots@mozilla.org	WARN	Loading extension 'screenshots@mozilla.org': Reading manifest: Invalid extension permission: about:reader*
1566865998950	Marionette	INFO	Listening on port 36059
1566865998984	Marionette	WARN	TLS certificate errors will be ignored for this session

(firefox:11283): GLib-GObject-WARNING **: 20:33:23.486: ../../../gobject/gsignal.c:3492: signal name 'selection_changed' is invalid for instance '0x7f07e0b9fa10' of type 'MaiAtkType139'
JavaScript error: http://127.0.0.1:8000/accounts/login/, line 185: TypeError: labelInput is null
JavaScript warning: https://vlibras.gov.br/app/vlibras-plugin.js, line 7879: unreachable code after return statement

(firefox:11283): GLib-GObject-WARNING **: 20:33:26.719: ../../../gobject/gsignal.c:3492: signal name 'selection_changed' is invalid for instance '0x7f07e0b9fbf0' of type 'MaiAtkType139'

(/usr/lib/firefox/firefox:11362): dconf-WARNING **: 20:33:26.792: Unable to open /var/lib/snapd/desktop/dconf/profile/user: Permissão negada
1566866006874	Marionette	INFO	Stopped listening on port 36059
1566866476501	mozrunner::runner	INFO	Running command: "/usr/bin/firefox" "-marionette" "-foreground" "-no-remote" "-profile" "/tmp/rust_mozprofile.WgMfenyW5bo6"
1566866478621	addons.webextension.screenshots@mozilla.org	WARN	Loading extension 'screenshots@mozilla.org': Reading manifest: Invalid extension permission: mozillaAddons
1566866478622	addons.webextension.screenshots@mozilla.org	WARN	Loading extension 'screenshots@mozilla.org': Reading manifest: Invalid extension permission: telemetry
1566866478623	addons.webextension.screenshots@mozilla.org	WARN	Loading extension 'screenshots@mozilla.org': Reading manifest: Invalid extension permission: resource://pdf.js/
1566866478623	addons.webextension.screenshots@mozilla.org	WARN	Loading extension 'screenshots@mozilla.org': Reading manifest: Invalid extension permission: about:reader*
1566866486398	Marionette	INFO	Listening on port 41587
1566866486523	Marionette	WARN	TLS certificate errors will be ignored for this session
JavaScript error: http://127.0.0.1:8000/accounts/login/, line 185: TypeError: labelInput is null

(firefox:11859): GLib-GObject-WARNING **: 20:41:28.875: ../../../gobject/gsignal.c:3492: signal name 'selection_changed' is invalid for instance '0x7ff17b4ef470' of type 'MaiAtkType139'
JavaScript warning: https://vlibras.gov.br/app/vlibras-plugin.js, line 7879: unreachable code after return statement

(firefox:11859): GLib-GObject-WARNING **: 20:41:31.416: ../../../gobject/gsignal.c:3492: signal name 'selection_changed' is invalid for instance '0x7ff17b4ef650' of type 'MaiAtkType139'

(/usr/lib/firefox/firefox:11936): dconf-WARNING **: 20:41:31.493: Unable to open /var/lib/snapd/desktop/dconf/profile/user: Permissão negada
1566866491624	Marionette	INFO	Stopped listening on port 41587

###!!! [Child][MessageChannel] Error: (msgtype=0x530012,name=PHttpChannel::Msg___delete__) Channel closing: too late to send/recv, messages will be lost


###!!! [Child][RunMessage] Error: Channel closing: too late to send/recv, messages will be lost


###!!! [Child][RunMessage] Error: Channel closing: too late to send/recv, messages will be lost

1566866504506	mozrunner::runner	INFO	Running command: "/usr/bin/firefox" "-marionette" "-foreground" "-no-remote" "-profile" "/tmp/rust_mozprofile.ZIVO4zUaLFmT"
1566866506812	addons.webextension.screenshots@mozilla.org	WARN	Loading extension 'screenshots@mozilla.org': Reading manifest: Invalid extension permission: mozillaAddons
1566866506819	addons.webextension.screenshots@mozilla.org	WARN	Loading extension 'screenshots@mozilla.org': Reading manifest: Invalid extension permission: telemetry
1566866506820	addons.webextension.screenshots@mozilla.org	WARN	Loading extension 'screenshots@mozilla.org': Reading manifest: Invalid extension permission: resource://pdf.js/
1566866506820	addons.webextension.screenshots@mozilla.org	WARN	Loading extension 'screenshots@mozilla.org': Reading manifest: Invalid extension permission: about:reader*
1566866516223	Marionette	INFO	Listening on port 39007
1566866516298	Marionette	WARN	TLS certificate errors will be ignored for this session
JavaScript error: http://127.0.0.1:8000/accounts/login/, line 185: TypeError: labelInput is null
JavaScript warning: https://vlibras.gov.br/app/vlibras-plugin.js, line 7879: unreachable code after return statement

(firefox:12077): GLib-GObject-WARNING **: 20:42:00.065: ../../../gobject/gsignal.c:3492: signal name 'selection_changed' is invalid for instance '0x7fc373990ce0' of type 'MaiAtkType139'

(firefox:12077): GLib-GObject-WARNING **: 20:42:01.428: ../../../gobject/gsignal.c:3492: signal name 'selection_changed' is invalid for instance '0x7fc374c25c40' of type 'MaiAtkType139'

(/usr/lib/firefox/firefox:12158): dconf-WARNING **: 20:42:01.503: Unable to open /var/lib/snapd/desktop/dconf/profile/user: Permissão negada
1566866521616	Marionette	INFO	Stopped listening on port 39007
1566866616177	mozrunner::runner	INFO	Running command: "/usr/bin/firefox" "-marionette" "-foreground" "-no-remote" "-profile" "/tmp/rust_mozprofile.JJUsiJu9GECI"
1566866618636	addons.webextension.screenshots@mozilla.org	WARN	Loading extension 'screenshots@mozilla.org': Reading manifest: Invalid extension permission: mozillaAddons
1566866618637	addons.webextension.screenshots@mozilla.org	WARN	Loading extension 'screenshots@mozilla.org': Reading manifest: Invalid extension permission: telemetry
1566866618639	addons.webextension.screenshots@mozilla.org	WARN	Loading extension 'screenshots@mozilla.org': Reading manifest: Invalid extension permission: resource://pdf.js/
1566866618639	addons.webextension.screenshots@mozilla.org	WARN	Loading extension 'screenshots@mozilla.org': Reading manifest: Invalid extension permission: about:reader*
1566866627101	Marionette	INFO	Listening on port 46005
1566866627199	Marionette	WARN	TLS certificate errors will be ignored for this session

(firefox:12400): GLib-GObject-WARNING **: 20:43:48.895: ../../../gobject/gsignal.c:3492: signal name 'selection_changed' is invalid for instance '0x7fbbfcbc54c0' of type 'MaiAtkType139'
JavaScript error: http://127.0.0.1:8000/accounts/login/, line 185: TypeError: labelInput is null
JavaScript warning: https://vlibras.gov.br/app/vlibras-plugin.js, line 7879: unreachable code after return statement

(firefox:12400): GLib-GObject-WARNING **: 20:43:52.387: ../../../gobject/gsignal.c:3492: signal name 'selection_changed' is invalid for instance '0x7fbbfcbc56a0' of type 'MaiAtkType139'

(/usr/lib/firefox/firefox:12486): dconf-WARNING **: 20:43:52.433: Unable to open /var/lib/snapd/desktop/dconf/profile/user: Permissão negada
1566866632588	Marionette	INFO	Stopped listening on port 46005
[Parent 12400, Gecko_IOThread] WARNING: pipe error (150): Conexão fechada pela outra ponta: file /build/firefox-OPBHTt/firefox-68.0.2+build1/ipc/chromium/src/chrome/common/ipc_channel_posix.cc, line 358
1566866644764	mozrunner::runner	INFO	Running command: "/usr/bin/firefox" "-marionette" "-foreground" "-no-remote" "-profile" "/tmp/rust_mozprofile.5x3IYxxb7G7O"
1566866646744	addons.webextension.screenshots@mozilla.org	WARN	Loading extension 'screenshots@mozilla.org': Reading manifest: Invalid extension permission: mozillaAddons
1566866646745	addons.webextension.screenshots@mozilla.org	WARN	Loading extension 'screenshots@mozilla.org': Reading manifest: Invalid extension permission: telemetry
1566866646746	addons.webextension.screenshots@mozilla.org	WARN	Loading extension 'screenshots@mozilla.org': Reading manifest: Invalid extension permission: resource://pdf.js/
1566866646746	addons.webextension.screenshots@mozilla.org	WARN	Loading extension 'screenshots@mozilla.org': Reading manifest: Invalid extension permission: about:reader*
1566866654346	Marionette	INFO	Listening on port 38353
1566866654465	Marionette	WARN	TLS certificate errors will be ignored for this session
JavaScript error: http://127.0.0.1:8000/accounts/login/, line 185: TypeError: labelInput is null

(firefox:12625): GLib-GObject-WARNING **: 20:44:17.238: ../../../gobject/gsignal.c:3492: signal name 'selection_changed' is invalid for instance '0x7f1fdddc0ab0' of type 'MaiAtkType139'
JavaScript warning: https://vlibras.gov.br/app/vlibras-plugin.js, line 7879: unreachable code after return statement

(firefox:12625): GLib-GObject-WARNING **: 20:44:19.594: ../../../gobject/gsignal.c:3492: signal name 'selection_changed' is invalid for instance '0x7f1fdddc0c90' of type 'MaiAtkType139'

(/usr/lib/firefox/firefox:12701): dconf-WARNING **: 20:44:19.659: Unable to open /var/lib/snapd/desktop/dconf/profile/user: Permissão negada
1566866659780	Marionette	INFO	Stopped listening on port 38353
[Parent 12625, Gecko_IOThread] WARNING: pipe error (144): Conexão fechada pela outra ponta: file /build/firefox-OPBHTt/firefox-68.0.2+build1/ipc/chromium/src/chrome/common/ipc_channel_posix.cc, line 358
1566866783274	mozrunner::runner	INFO	Running command: "/usr/bin/firefox" "-marionette" "-foreground" "-no-remote" "-profile" "/tmp/rust_mozprofile.zqGnEhFj2P2g"
1566866785200	addons.webextension.screenshots@mozilla.org	WARN	Loading extension 'screenshots@mozilla.org': Reading manifest: Invalid extension permission: mozillaAddons
1566866785201	addons.webextension.screenshots@mozilla.org	WARN	Loading extension 'screenshots@mozilla.org': Reading manifest: Invalid extension permission: telemetry
1566866785202	addons.webextension.screenshots@mozilla.org	WARN	Loading extension 'screenshots@mozilla.org': Reading manifest: Invalid extension permission: resource://pdf.js/
1566866785202	addons.webextension.screenshots@mozilla.org	WARN	Loading extension 'screenshots@mozilla.org': Reading manifest: Invalid extension permission: about:reader*
1566866792303	Marionette	INFO	Listening on port 37813
1566866792394	Marionette	WARN	TLS certificate errors will be ignored for this session

(firefox:12931): GLib-GObject-WARNING **: 20:46:34.153: ../../../gobject/gsignal.c:3492: signal name 'selection_changed' is invalid for instance '0x7fd8de203d30' of type 'MaiAtkType139'
JavaScript error: http://127.0.0.1:8000/accounts/login/, line 185: TypeError: labelInput is null
JavaScript warning: https://vlibras.gov.br/app/vlibras-plugin.js, line 7879: unreachable code after return statement

(firefox:12931): GLib-GObject-WARNING **: 20:46:37.941: ../../../gobject/gsignal.c:3492: signal name 'selection_changed' is invalid for instance '0x7fd8de8cbb00' of type 'MaiAtkType139'

(/usr/lib/firefox/firefox:13012): dconf-WARNING **: 20:46:38.018: Unable to open /var/lib/snapd/desktop/dconf/profile/user: Permissão negada
1566866799172	mozrunner::runner	INFO	Running command: "/usr/bin/firefox" "-marionette" "-foreground" "-no-remote" "-profile" "/tmp/rust_mozprofile.85XbyKrDYCVh"
JavaScript error: http://127.0.0.1:8000/, line 111: TypeError: labelInput is null
JavaScript warning: https://vlibras.gov.br/app/vlibras-plugin.js, line 7879: unreachable code after return statement
1566866801607	addons.webextension.screenshots@mozilla.org	WARN	Loading extension 'screenshots@mozilla.org': Reading manifest: Invalid extension permission: mozillaAddons
1566866801610	addons.webextension.screenshots@mozilla.org	WARN	Loading extension 'screenshots@mozilla.org': Reading manifest: Invalid extension permission: telemetry
1566866801611	addons.webextension.screenshots@mozilla.org	WARN	Loading extension 'screenshots@mozilla.org': Reading manifest: Invalid extension permission: resource://pdf.js/
1566866801612	addons.webextension.screenshots@mozilla.org	WARN	Loading extension 'screenshots@mozilla.org': Reading manifest: Invalid extension permission: about:reader*
1566866809283	Marionette	INFO	Listening on port 39035
1566866809343	Marionette	WARN	TLS certificate errors will be ignored for this session

(firefox:13132): GLib-GObject-WARNING **: 20:46:51.030: ../../../gobject/gsignal.c:3492: signal name 'selection_changed' is invalid for instance '0x7f274e92f790' of type 'MaiAtkType139'
JavaScript error: http://127.0.0.1:8000/accounts/login/, line 185: TypeError: labelInput is null
JavaScript warning: https://vlibras.gov.br/app/vlibras-plugin.js, line 7879: unreachable code after return statement
console.error: BroadcastService: 
  receivedBroadcastMessage: handler for
  remote-settings/monitor_changes
  threw error:
  Message: Error: Polling for changes failed: http://%(server)s/dummy/blocklist//buckets/monitor/collections/changes/records?_expected=%221566864005222%22 is not a valid URL..
  Stack:
    remoteSettingsFunction/remoteSettings.pollChanges@resource://services-settings/remote-settings.js:201:13


(/usr/lib/firefox/firefox:13196): dconf-WARNING **: 20:46:54.890: Unable to open /var/lib/snapd/desktop/dconf/profile/user: Permissão negada

(firefox:13132): GLib-GObject-WARNING **: 20:46:54.904: ../../../gobject/gsignal.c:3492: signal name 'selection_changed' is invalid for instance '0x7f274d5cd100' of type 'MaiAtkType139'

(firefox:13132): GLib-GObject-WARNING **: 20:46:56.695: ../../../gobject/gsignal.c:3492: signal name 'selection_changed' is invalid for instance '0x7f274dc80f10' of type 'MaiAtkType139'
JavaScript error: http://127.0.0.1:8000/accounts/login/, line 185: TypeError: labelInput is null
JavaScript warning: https://vlibras.gov.br/app/vlibras-plugin.js, line 7879: unreachable code after return statement
console.error: BroadcastService: 
  receivedBroadcastMessage: handler for
  remote-settings/monitor_changes
  threw error:
  Message: Error: Polling for changes failed: http://%(server)s/dummy/blocklist//buckets/monitor/collections/changes/records?_expected=%221566864005222%22 is not a valid URL..
  Stack:
    remoteSettingsFunction/remoteSettings.pollChanges@resource://services-settings/remote-settings.js:201:13

JavaScript error: http://127.0.0.1:8000/accounts/login/, line 185: TypeError: labelInput is null
JavaScript warning: https://vlibras.gov.br/app/vlibras-plugin.js, line 7879: unreachable code after return statement

(firefox:13132): GLib-GObject-WARNING **: 20:47:21.654: ../../../gobject/gsignal.c:3492: signal name 'selection_changed' is invalid for instance '0x7f274f02d9c0' of type 'MaiAtkType139'
1566914252926	mozrunner::runner	INFO	Running command: "/usr/bin/firefox" "-marionette" "-foreground" "-no-remote" "-profile" "/tmp/rust_mozprofile.DjRNhrVLSUFK"
1566914266828	addons.webextension.screenshots@mozilla.org	WARN	Loading extension 'screenshots@mozilla.org': Reading manifest: Invalid extension permission: mozillaAddons
1566914266832	addons.webextension.screenshots@mozilla.org	WARN	Loading extension 'screenshots@mozilla.org': Reading manifest: Invalid extension permission: telemetry
1566914266837	addons.webextension.screenshots@mozilla.org	WARN	Loading extension 'screenshots@mozilla.org': Reading manifest: Invalid extension permission: resource://pdf.js/
1566914266837	addons.webextension.screenshots@mozilla.org	WARN	Loading extension 'screenshots@mozilla.org': Reading manifest: Invalid extension permission: about:reader*
1566914287813	Marionette	INFO	Listening on port 46069
1566914288072	Marionette	WARN	TLS certificate errors will be ignored for this session
JavaScript error: http://127.0.0.1:8000/Usuario/cadastrarUsuario/, line 135: TypeError: labelInput is null
JavaScript warning: https://vlibras.gov.br/app/vlibras-plugin.js, line 7879: unreachable code after return statement

(firefox:9418): GLib-GObject-WARNING **: 09:58:15.903: ../../../gobject/gsignal.c:3492: signal name 'selection_changed' is invalid for instance '0x7f19a2179d30' of type 'MaiAtkType139'

(firefox:9418): GLib-GObject-WARNING **: 09:58:16.117: ../../../gobject/gsignal.c:3492: signal name 'selection_changed' is invalid for instance '0x7f19a21dc600' of type 'MaiAtkType139'

(firefox:9418): GLib-GObject-WARNING **: 09:58:16.261: ../../../gobject/gsignal.c:3492: signal name 'selection_changed' is invalid for instance '0x7f19a2e206a0' of type 'MaiAtkType139'

(firefox:9418): GLib-GObject-WARNING **: 09:58:16.397: ../../../gobject/gsignal.c:3492: signal name 'selection_changed' is invalid for instance '0x7f19a2eaf0b0' of type 'MaiAtkType139'

(/usr/lib/firefox/firefox:9521): dconf-WARNING **: 09:58:17.203: Unable to open /var/lib/snapd/desktop/dconf/profile/user: Permissão negada

(firefox:9418): GLib-GObject-WARNING **: 09:58:17.354: ../../../gobject/gsignal.c:3492: signal name 'selection_changed' is invalid for instance '0x7f19a2eaf790' of type 'MaiAtkType139'
1566914297481	Marionette	INFO	Stopped listening on port 46069
1566917271408	mozrunner::runner	INFO	Running command: "/usr/bin/firefox" "-marionette" "-foreground" "-no-remote" "-profile" "/tmp/rust_mozprofile.pw8gCWAfetQH"
1566917284221	addons.webextension.screenshots@mozilla.org	WARN	Loading extension 'screenshots@mozilla.org': Reading manifest: Invalid extension permission: mozillaAddons
1566917284221	addons.webextension.screenshots@mozilla.org	WARN	Loading extension 'screenshots@mozilla.org': Reading manifest: Invalid extension permission: telemetry
1566917284222	addons.webextension.screenshots@mozilla.org	WARN	Loading extension 'screenshots@mozilla.org': Reading manifest: Invalid extension permission: resource://pdf.js/
1566917284223	addons.webextension.screenshots@mozilla.org	WARN	Loading extension 'screenshots@mozilla.org': Reading manifest: Invalid extension permission: about:reader*
1566917298455	Marionette	INFO	Listening on port 37585
1566917298576	Marionette	WARN	TLS certificate errors will be ignored for this session
JavaScript error: http://127.0.0.1:8000/Usuario/cadastrarUsuario/, line 136: TypeError: labelInput is null
JavaScript warning: https://vlibras.gov.br/app/vlibras-plugin.js, line 7879: unreachable code after return statement

(firefox:12168): GLib-GObject-WARNING **: 10:48:23.113: ../../../gobject/gsignal.c:3492: signal name 'selection_changed' is invalid for instance '0x7f9a2fe6e650' of type 'MaiAtkType139'

(firefox:12168): GLib-GObject-WARNING **: 10:48:23.360: ../../../gobject/gsignal.c:3492: signal name 'selection_changed' is invalid for instance '0x7f9a2fe6e790' of type 'MaiAtkType139'

(firefox:12168): GLib-GObject-WARNING **: 10:48:23.562: ../../../gobject/gsignal.c:3492: signal name 'selection_changed' is invalid for instance '0x7f9a2fe95100' of type 'MaiAtkType139'

(firefox:12168): GLib-GObject-WARNING **: 10:48:23.686: ../../../gobject/gsignal.c:3492: signal name 'selection_changed' is invalid for instance '0x7f9a2fe952e0' of type 'MaiAtkType139'

(/usr/lib/firefox/firefox:12290): dconf-WARNING **: 10:48:23.865: Unable to open /var/lib/snapd/desktop/dconf/profile/user: Permissão negada

(firefox:12168): GLib-GObject-WARNING **: 10:48:24.011: ../../../gobject/gsignal.c:3492: signal name 'selection_changed' is invalid for instance '0x7f9a2fe95880' of type 'MaiAtkType139'
JavaScript error: http://127.0.0.1:8000/accounts/login/, line 186: TypeError: labelInput is null
JavaScript warning: https://vlibras.gov.br/app/vlibras-plugin.js, line 7879: unreachable code after return statement

(firefox:12168): GLib-GObject-WARNING **: 10:48:26.530: ../../../gobject/gsignal.c:3492: signal name 'selection_changed' is invalid for instance '0x7f9a2a0c9470' of type 'MaiAtkType139'
console.error: BroadcastService: 
  receivedBroadcastMessage: handler for
  remote-settings/monitor_changes
  threw error:
  Message: Error: Polling for changes failed: http://%(server)s/dummy/blocklist//buckets/monitor/collections/changes/records?_expected=%221566864005222%22 is not a valid URL..
  Stack:
    remoteSettingsFunction/remoteSettings.pollChanges@resource://services-settings/remote-settings.js:201:13

1566917357361	Marionette	INFO	Stopped listening on port 37585
1566917367121	mozrunner::runner	INFO	Running command: "/usr/bin/firefox" "-marionette" "-foreground" "-no-remote" "-profile" "/tmp/rust_mozprofile.c9WlE82bg9uk"
1566917369728	addons.webextension.screenshots@mozilla.org	WARN	Loading extension 'screenshots@mozilla.org': Reading manifest: Invalid extension permission: mozillaAddons
1566917369730	addons.webextension.screenshots@mozilla.org	WARN	Loading extension 'screenshots@mozilla.org': Reading manifest: Invalid extension permission: telemetry
1566917369731	addons.webextension.screenshots@mozilla.org	WARN	Loading extension 'screenshots@mozilla.org': Reading manifest: Invalid extension permission: resource://pdf.js/
1566917369731	addons.webextension.screenshots@mozilla.org	WARN	Loading extension 'screenshots@mozilla.org': Reading manifest: Invalid extension permission: about:reader*
1566917378505	Marionette	INFO	Listening on port 34931
1566917378565	Marionette	WARN	TLS certificate errors will be ignored for this session
JavaScript error: http://127.0.0.1:8000/Usuario/cadastrarUsuario/, line 136: TypeError: labelInput is null
JavaScript warning: https://vlibras.gov.br/app/vlibras-plugin.js, line 7879: unreachable code after return statement

(firefox:12527): GLib-GObject-WARNING **: 10:49:42.764: ../../../gobject/gsignal.c:3492: signal name 'selection_changed' is invalid for instance '0x7fd7ec5aac40' of type 'MaiAtkType139'

(firefox:12527): GLib-GObject-WARNING **: 10:49:42.938: ../../../gobject/gsignal.c:3492: signal name 'selection_changed' is invalid for instance '0x7fd7ec5bc150' of type 'MaiAtkType139'

(firefox:12527): GLib-GObject-WARNING **: 10:49:43.135: ../../../gobject/gsignal.c:3492: signal name 'selection_changed' is invalid for instance '0x7fd7ec5bc290' of type 'MaiAtkType139'

(/usr/lib/firefox/firefox:12598): dconf-WARNING **: 10:49:43.405: Unable to open /var/lib/snapd/desktop/dconf/profile/user: Permissão negada

(firefox:12527): GLib-GObject-WARNING **: 10:49:43.421: ../../../gobject/gsignal.c:3492: signal name 'selection_changed' is invalid for instance '0x7fd7ec5bc420' of type 'MaiAtkType139'

(firefox:12527): GLib-GObject-WARNING **: 10:49:43.561: ../../../gobject/gsignal.c:3492: signal name 'selection_changed' is invalid for instance '0x7fd7fd4f31a0' of type 'MaiAtkType139'
JavaScript error: http://127.0.0.1:8000/Usuario/cadastrarUsuario/, line 139: TypeError: labelInput is null
JavaScript warning: https://vlibras.gov.br/app/vlibras-plugin.js, line 7879: unreachable code after return statement
console.error: BroadcastService: 
  receivedBroadcastMessage: handler for
  remote-settings/monitor_changes
  threw error:
  Message: Error: Polling for changes failed: http://%(server)s/dummy/blocklist//buckets/monitor/collections/changes/records?_expected=%221566864005222%22 is not a valid URL..
  Stack:
    remoteSettingsFunction/remoteSettings.pollChanges@resource://services-settings/remote-settings.js:201:13

1567082603142	mozrunner::runner	INFO	Running command: "/usr/bin/firefox" "-marionette" "-foreground" "-no-remote" "-profile" "/tmp/rust_mozprofile.CjsiwX8QQU8H"
1567082612893	addons.webextension.screenshots@mozilla.org	WARN	Loading extension 'screenshots@mozilla.org': Reading manifest: Invalid extension permission: mozillaAddons
1567082612893	addons.webextension.screenshots@mozilla.org	WARN	Loading extension 'screenshots@mozilla.org': Reading manifest: Invalid extension permission: telemetry
1567082612894	addons.webextension.screenshots@mozilla.org	WARN	Loading extension 'screenshots@mozilla.org': Reading manifest: Invalid extension permission: resource://pdf.js/
1567082612895	addons.webextension.screenshots@mozilla.org	WARN	Loading extension 'screenshots@mozilla.org': Reading manifest: Invalid extension permission: about:reader*
1567082625227	Marionette	INFO	Listening on port 32879
1567082625462	Marionette	WARN	TLS certificate errors will be ignored for this session
JavaScript warning: https://vlibras.gov.br/app/vlibras-plugin.js, line 7879: unreachable code after return statement

(firefox:6522): GLib-GObject-WARNING **: 08:43:50.295: ../../../gobject/gsignal.c:3492: signal name 'selection_changed' is invalid for instance '0x7f76d3ea9f10' of type 'MaiAtkType139'

(firefox:6522): GLib-GObject-WARNING **: 08:43:50.435: ../../../gobject/gsignal.c:3492: signal name 'selection_changed' is invalid for instance '0x7f76d4107240' of type 'MaiAtkType139'

(firefox:6522): GLib-GObject-WARNING **: 08:43:50.550: ../../../gobject/gsignal.c:3492: signal name 'selection_changed' is invalid for instance '0x7f76d4107ba0' of type 'MaiAtkType139'

(firefox:6522): GLib-GObject-WARNING **: 08:43:50.674: ../../../gobject/gsignal.c:3492: signal name 'selection_changed' is invalid for instance '0x7f76d4107dd0' of type 'MaiAtkType139'

(/usr/lib/firefox/firefox:6645): dconf-WARNING **: 08:43:50.982: Unable to open /var/lib/snapd/desktop/dconf/profile/user: Permissão negada

(firefox:6522): GLib-GObject-WARNING **: 08:43:50.994: ../../../gobject/gsignal.c:3492: signal name 'selection_changed' is invalid for instance '0x7f76d41c4f60' of type 'MaiAtkType139'
JavaScript warning: https://vlibras.gov.br/app/vlibras-plugin.js, line 7879: unreachable code after return statement
console.error: BroadcastService: 
  receivedBroadcastMessage: handler for
  remote-settings/monitor_changes
  threw error:
  Message: Error: Polling for changes failed: http://%(server)s/dummy/blocklist//buckets/monitor/collections/changes/records?_expected=%221567023479829%22 is not a valid URL..
  Stack:
    remoteSettingsFunction/remoteSettings.pollChanges@resource://services-settings/remote-settings.js:201:13

1567082718846	Marionette	INFO	Stopped listening on port 32879
1567082777582	mozrunner::runner	INFO	Running command: "/usr/bin/firefox" "-marionette" "-foreground" "-no-remote" "-profile" "/tmp/rust_mozprofile.CjwMtlj5mLuu"
1567082779967	addons.webextension.screenshots@mozilla.org	WARN	Loading extension 'screenshots@mozilla.org': Reading manifest: Invalid extension permission: mozillaAddons
1567082779968	addons.webextension.screenshots@mozilla.org	WARN	Loading extension 'screenshots@mozilla.org': Reading manifest: Invalid extension permission: telemetry
1567082779969	addons.webextension.screenshots@mozilla.org	WARN	Loading extension 'screenshots@mozilla.org': Reading manifest: Invalid extension permission: resource://pdf.js/
1567082779969	addons.webextension.screenshots@mozilla.org	WARN	Loading extension 'screenshots@mozilla.org': Reading manifest: Invalid extension permission: about:reader*
1567082787790	Marionette	INFO	Listening on port 32861
1567082787875	Marionette	WARN	TLS certificate errors will be ignored for this session
JavaScript warning: https://ajax.googleapis.com/ajax/libs/jquery/2.0.2/jquery.min.js, line 2: Using //@ to indicate sourceMappingURL pragmas is deprecated. Use //# instead
JavaScript warning: https://vlibras.gov.br/app/vlibras-plugin.js, line 7879: unreachable code after return statement

(firefox:6926): GLib-GObject-WARNING **: 08:46:29.817: ../../../gobject/gsignal.c:3492: signal name 'selection_changed' is invalid for instance '0x7f316f448e20' of type 'MaiAtkType139'

(firefox:6926): GLib-GObject-WARNING **: 08:46:31.107: ../../../gobject/gsignal.c:3492: signal name 'selection_changed' is invalid for instance '0x7f316f448e20' of type 'MaiAtkType139'

(/usr/lib/firefox/firefox:7001): dconf-WARNING **: 08:46:31.178: Unable to open /var/lib/snapd/desktop/dconf/profile/user: Permissão negada
1567082792295	mozrunner::runner	INFO	Running command: "/usr/bin/firefox" "-marionette" "-foreground" "-no-remote" "-profile" "/tmp/rust_mozprofile.Z2PXoCwVJJjk"
JavaScript warning: https://vlibras.gov.br/app/vlibras-plugin.js, line 7879: unreachable code after return statement
1567082794753	addons.webextension.screenshots@mozilla.org	WARN	Loading extension 'screenshots@mozilla.org': Reading manifest: Invalid extension permission: mozillaAddons
1567082794756	addons.webextension.screenshots@mozilla.org	WARN	Loading extension 'screenshots@mozilla.org': Reading manifest: Invalid extension permission: telemetry
1567082794759	addons.webextension.screenshots@mozilla.org	WARN	Loading extension 'screenshots@mozilla.org': Reading manifest: Invalid extension permission: resource://pdf.js/
1567082794760	addons.webextension.screenshots@mozilla.org	WARN	Loading extension 'screenshots@mozilla.org': Reading manifest: Invalid extension permission: about:reader*
1567082802566	Marionette	INFO	Listening on port 44631
1567082802614	Marionette	WARN	TLS certificate errors will be ignored for this session
JavaScript warning: https://ajax.googleapis.com/ajax/libs/jquery/2.0.2/jquery.min.js, line 2: Using //@ to indicate sourceMappingURL pragmas is deprecated. Use //# instead

(firefox:7110): GLib-GObject-WARNING **: 08:46:44.183: ../../../gobject/gsignal.c:3492: signal name 'selection_changed' is invalid for instance '0x7fbd7b5388d0' of type 'MaiAtkType139'
JavaScript warning: https://vlibras.gov.br/app/vlibras-plugin.js, line 7879: unreachable code after return statement

(firefox:7110): GLib-GObject-WARNING **: 08:46:45.325: ../../../gobject/gsignal.c:3492: signal name 'selection_changed' is invalid for instance '0x7fbd7b5388d0' of type 'MaiAtkType139'

(/usr/lib/firefox/firefox:7169): dconf-WARNING **: 08:46:45.406: Unable to open /var/lib/snapd/desktop/dconf/profile/user: Permissão negada
JavaScript warning: https://ajax.googleapis.com/ajax/libs/jquery/2.0.2/jquery.min.js, line 2: Using //@ to indicate sourceMappingURL pragmas is deprecated. Use //# instead
JavaScript warning: https://vlibras.gov.br/app/vlibras-plugin.js, line 7879: unreachable code after return statement

(firefox:7110): GLib-GObject-WARNING **: 08:46:47.044: ../../../gobject/gsignal.c:3492: signal name 'selection_changed' is invalid for instance '0x7fbd78f11e70' of type 'MaiAtkType139'
console.error: BroadcastService: 
  receivedBroadcastMessage: handler for
  remote-settings/monitor_changes
  threw error:
  Message: Error: Polling for changes failed: http://%(server)s/dummy/blocklist//buckets/monitor/collections/changes/records?_expected=%221567023479829%22 is not a valid URL..
  Stack:
    remoteSettingsFunction/remoteSettings.pollChanges@resource://services-settings/remote-settings.js:201:13

1567082827814	Marionette	INFO	Stopped listening on port 32861
1567082830074	Marionette	INFO	Stopped listening on port 44631
1567082835921	mozrunner::runner	INFO	Running command: "/usr/bin/firefox" "-marionette" "-foreground" "-no-remote" "-profile" "/tmp/rust_mozprofile.ulDTxp5nmofT"
1567082838225	addons.webextension.screenshots@mozilla.org	WARN	Loading extension 'screenshots@mozilla.org': Reading manifest: Invalid extension permission: mozillaAddons
1567082838226	addons.webextension.screenshots@mozilla.org	WARN	Loading extension 'screenshots@mozilla.org': Reading manifest: Invalid extension permission: telemetry
1567082838227	addons.webextension.screenshots@mozilla.org	WARN	Loading extension 'screenshots@mozilla.org': Reading manifest: Invalid extension permission: resource://pdf.js/
1567082838227	addons.webextension.screenshots@mozilla.org	WARN	Loading extension 'screenshots@mozilla.org': Reading manifest: Invalid extension permission: about:reader*
1567082846287	Marionette	INFO	Listening on port 45475
1567082846327	Marionette	WARN	TLS certificate errors will be ignored for this session
JavaScript warning: https://ajax.googleapis.com/ajax/libs/jquery/2.0.2/jquery.min.js, line 2: Using //@ to indicate sourceMappingURL pragmas is deprecated. Use //# instead

(firefox:7331): GLib-GObject-WARNING **: 08:47:28.216: ../../../gobject/gsignal.c:3492: signal name 'selection_changed' is invalid for instance '0x7f261f1acc40' of type 'MaiAtkType139'
JavaScript warning: https://vlibras.gov.br/app/vlibras-plugin.js, line 7879: unreachable code after return statement

(firefox:7331): GLib-GObject-WARNING **: 08:47:30.731: ../../../gobject/gsignal.c:3492: signal name 'selection_changed' is invalid for instance '0x7f261f1acc40' of type 'MaiAtkType139'

(/usr/lib/firefox/firefox:7407): dconf-WARNING **: 08:47:30.810: Unable to open /var/lib/snapd/desktop/dconf/profile/user: Permissão negada
1567082851937	mozrunner::runner	INFO	Running command: "/usr/bin/firefox" "-marionette" "-foreground" "-no-remote" "-profile" "/tmp/rust_mozprofile.ses6n3HtGu20"
JavaScript warning: https://vlibras.gov.br/app/vlibras-plugin.js, line 7879: unreachable code after return statement
1567082854306	addons.webextension.screenshots@mozilla.org	WARN	Loading extension 'screenshots@mozilla.org': Reading manifest: Invalid extension permission: mozillaAddons
1567082854307	addons.webextension.screenshots@mozilla.org	WARN	Loading extension 'screenshots@mozilla.org': Reading manifest: Invalid extension permission: telemetry
1567082854310	addons.webextension.screenshots@mozilla.org	WARN	Loading extension 'screenshots@mozilla.org': Reading manifest: Invalid extension permission: resource://pdf.js/
1567082854310	addons.webextension.screenshots@mozilla.org	WARN	Loading extension 'screenshots@mozilla.org': Reading manifest: Invalid extension permission: about:reader*
1567082861471	Marionette	INFO	Listening on port 36723
1567082861581	Marionette	WARN	TLS certificate errors will be ignored for this session
JavaScript warning: https://ajax.googleapis.com/ajax/libs/jquery/2.0.2/jquery.min.js, line 2: Using //@ to indicate sourceMappingURL pragmas is deprecated. Use //# instead

(firefox:7522): GLib-GObject-WARNING **: 08:47:44.405: ../../../gobject/gsignal.c:3492: signal name 'selection_changed' is invalid for instance '0x7fd7082eace0' of type 'MaiAtkType139'
JavaScript warning: https://vlibras.gov.br/app/vlibras-plugin.js, line 7879: unreachable code after return statement
console.error: BroadcastService: 
  receivedBroadcastMessage: handler for
  remote-settings/monitor_changes
  threw error:
  Message: Error: Polling for changes failed: http://%(server)s/dummy/blocklist//buckets/monitor/collections/changes/records?_expected=%221567023479829%22 is not a valid URL..
  Stack:
    remoteSettingsFunction/remoteSettings.pollChanges@resource://services-settings/remote-settings.js:201:13


(firefox:7522): GLib-GObject-WARNING **: 08:47:47.625: ../../../gobject/gsignal.c:3492: signal name 'selection_changed' is invalid for instance '0x7fd7082eace0' of type 'MaiAtkType139'

(/usr/lib/firefox/firefox:7598): dconf-WARNING **: 08:47:47.677: Unable to open /var/lib/snapd/desktop/dconf/profile/user: Permissão negada
JavaScript warning: https://ajax.googleapis.com/ajax/libs/jquery/2.0.2/jquery.min.js, line 2: Using //@ to indicate sourceMappingURL pragmas is deprecated. Use //# instead
JavaScript warning: https://vlibras.gov.br/app/vlibras-plugin.js, line 7879: unreachable code after return statement

(firefox:7522): GLib-GObject-WARNING **: 08:47:49.287: ../../../gobject/gsignal.c:3492: signal name 'selection_changed' is invalid for instance '0x7fd70732ff60' of type 'MaiAtkType139'
1567082881699	Marionette	INFO	Stopped listening on port 36723
1567082889075	Marionette	INFO	Stopped listening on port 45475
1567173556297	mozrunner::runner	INFO	Running command: "/usr/bin/firefox" "-marionette" "-foreground" "-no-remote" "-profile" "/tmp/rust_mozprofile.yDB7eJ2mLIcV"
1567173566746	addons.webextension.screenshots@mozilla.org	WARN	Loading extension 'screenshots@mozilla.org': Reading manifest: Invalid extension permission: mozillaAddons
1567173566749	addons.webextension.screenshots@mozilla.org	WARN	Loading extension 'screenshots@mozilla.org': Reading manifest: Invalid extension permission: telemetry
1567173566750	addons.webextension.screenshots@mozilla.org	WARN	Loading extension 'screenshots@mozilla.org': Reading manifest: Invalid extension permission: resource://pdf.js/
1567173566751	addons.webextension.screenshots@mozilla.org	WARN	Loading extension 'screenshots@mozilla.org': Reading manifest: Invalid extension permission: about:reader*
1567173584107	Marionette	INFO	Listening on port 42999
1567173584253	Marionette	WARN	TLS certificate errors will be ignored for this session
JavaScript warning: https://vlibras.gov.br/app/vlibras-plugin.js, line 7879: unreachable code after return statement
JavaScript error: http://127.0.0.1:8000/Usuario/cadastroEndereco/, line 89: ReferenceError: None is not defined
JavaScript warning: https://ajax.googleapis.com/ajax/libs/jquery/2.0.2/jquery.min.js, line 2: Using //@ to indicate sourceMappingURL pragmas is deprecated. Use //# instead
JavaScript warning: https://vlibras.gov.br/app/vlibras-plugin.js, line 7879: unreachable code after return statement

(firefox:12440): GLib-GObject-WARNING **: 10:00:13.044: ../../../gobject/gsignal.c:3492: signal name 'selection_changed' is invalid for instance '0x7f4bb9d837e0' of type 'MaiAtkType139'

(firefox:12440): GLib-GObject-WARNING **: 10:00:18.926: ../../../gobject/gsignal.c:3492: signal name 'selection_changed' is invalid for instance '0x7f4bb9d837e0' of type 'MaiAtkType139'

(/usr/lib/firefox/firefox:12567): dconf-WARNING **: 10:00:19.105: Unable to open /var/lib/snapd/desktop/dconf/profile/user: Permissão negada
JavaScript warning: https://ajax.googleapis.com/ajax/libs/jquery/2.0.2/jquery.min.js, line 2: Using //@ to indicate sourceMappingURL pragmas is deprecated. Use //# instead
JavaScript warning: https://vlibras.gov.br/app/vlibras-plugin.js, line 7879: unreachable code after return statement

(firefox:12440): GLib-GObject-WARNING **: 10:00:28.907: ../../../gobject/gsignal.c:3492: signal name 'selection_changed' is invalid for instance '0x7f4bbb297790' of type 'MaiAtkType139'

(firefox:12440): GLib-GObject-WARNING **: 10:00:32.723: ../../../gobject/gsignal.c:3492: signal name 'selection_changed' is invalid for instance '0x7f4bbb297790' of type 'MaiAtkType139'
1567173653138	Marionette	INFO	Stopped listening on port 42999
1567173798807	mozrunner::runner	INFO	Running command: "/usr/bin/firefox" "-marionette" "-foreground" "-no-remote" "-profile" "/tmp/rust_mozprofile.yznJaHvX9WEr"
1567173801902	addons.webextension.screenshots@mozilla.org	WARN	Loading extension 'screenshots@mozilla.org': Reading manifest: Invalid extension permission: mozillaAddons
1567173801905	addons.webextension.screenshots@mozilla.org	WARN	Loading extension 'screenshots@mozilla.org': Reading manifest: Invalid extension permission: telemetry
1567173801910	addons.webextension.screenshots@mozilla.org	WARN	Loading extension 'screenshots@mozilla.org': Reading manifest: Invalid extension permission: resource://pdf.js/
1567173801911	addons.webextension.screenshots@mozilla.org	WARN	Loading extension 'screenshots@mozilla.org': Reading manifest: Invalid extension permission: about:reader*
1567173810598	Marionette	INFO	Listening on port 41761
1567173810662	Marionette	WARN	TLS certificate errors will be ignored for this session
JavaScript warning: https://vlibras.gov.br/app/vlibras-plugin.js, line 7879: unreachable code after return statement
JavaScript error: http://127.0.0.1:8000/Usuario/cadastroEndereco/, line 89: ReferenceError: None is not defined
1567173814302	mozrunner::runner	INFO	Running command: "/usr/bin/firefox" "-marionette" "-foreground" "-no-remote" "-profile" "/tmp/rust_mozprofile.cxJ5gOq4bcU9"
1567173817379	addons.webextension.screenshots@mozilla.org	WARN	Loading extension 'screenshots@mozilla.org': Reading manifest: Invalid extension permission: mozillaAddons
1567173817380	addons.webextension.screenshots@mozilla.org	WARN	Loading extension 'screenshots@mozilla.org': Reading manifest: Invalid extension permission: telemetry
1567173817381	addons.webextension.screenshots@mozilla.org	WARN	Loading extension 'screenshots@mozilla.org': Reading manifest: Invalid extension permission: resource://pdf.js/
1567173817381	addons.webextension.screenshots@mozilla.org	WARN	Loading extension 'screenshots@mozilla.org': Reading manifest: Invalid extension permission: about:reader*
1567173825905	Marionette	INFO	Listening on port 41531
1567173825939	Marionette	WARN	TLS certificate errors will be ignored for this session
JavaScript warning: https://ajax.googleapis.com/ajax/libs/jquery/2.0.2/jquery.min.js, line 2: Using //@ to indicate sourceMappingURL pragmas is deprecated. Use //# instead
JavaScript warning: https://vlibras.gov.br/app/vlibras-plugin.js, line 7879: unreachable code after return statement

(firefox:13140): GLib-GObject-WARNING **: 10:03:48.175: ../../../gobject/gsignal.c:3492: signal name 'selection_changed' is invalid for instance '0x7f31b318a1a0' of type 'MaiAtkType139'

(firefox:13140): GLib-GObject-WARNING **: 10:03:51.493: ../../../gobject/gsignal.c:3492: signal name 'selection_changed' is invalid for instance '0x7f31b318a1a0' of type 'MaiAtkType139'

(/usr/lib/firefox/firefox:13222): dconf-WARNING **: 10:03:52.133: Unable to open /var/lib/snapd/desktop/dconf/profile/user: Permissão negada
1567174029873	mozrunner::runner	INFO	Running command: "/usr/bin/firefox" "-marionette" "-foreground" "-no-remote" "-profile" "/tmp/rust_mozprofile.NVpGrekRGQ99"
1567174035466	addons.webextension.screenshots@mozilla.org	WARN	Loading extension 'screenshots@mozilla.org': Reading manifest: Invalid extension permission: mozillaAddons
1567174035466	addons.webextension.screenshots@mozilla.org	WARN	Loading extension 'screenshots@mozilla.org': Reading manifest: Invalid extension permission: telemetry
1567174035467	addons.webextension.screenshots@mozilla.org	WARN	Loading extension 'screenshots@mozilla.org': Reading manifest: Invalid extension permission: resource://pdf.js/
1567174035468	addons.webextension.screenshots@mozilla.org	WARN	Loading extension 'screenshots@mozilla.org': Reading manifest: Invalid extension permission: about:reader*
JavaScript error: resource://activity-stream/lib/ActivityStreamPrefs.jsm, line 23: NS_ERROR_ILLEGAL_VALUE: Component returned failure code: 0x80070057 (NS_ERROR_ILLEGAL_VALUE) [nsIPrefBranch.removeObserver]
1567174047317	addons.xpi-utils	WARN	Error: XPI database modified after shutdown began(resource://gre/modules/addons/XPIDatabase.jsm:1326:17) JS Stack trace: saveChanges@XPIDatabase.jsm:1326:17
makeAddonVisible@XPIDatabase.jsm:2067:10
addToDatabase@XPIDatabase.jsm:1996:12
install@XPIInstall.jsm:3857:27
_activateAddon@XPIInstall.jsm:3876:7
1567174047321	addons.xpi-utils	WARN	Error: XPI database modified after shutdown began(resource://gre/modules/addons/XPIDatabase.jsm:1326:17) JS Stack trace: saveChanges@XPIDatabase.jsm:1326:17
addToDatabase@XPIDatabase.jsm:1999:10
install@XPIInstall.jsm:3857:27
_activateAddon@XPIInstall.jsm:3876:7
1567174047324	addons.xpi-utils	WARN	Error: XPI database modified after shutdown began(resource://gre/modules/addons/XPIDatabase.jsm:1326:17) JS Stack trace: saveChanges@XPIDatabase.jsm:1326:17
syncWithDB@XPIProvider.jsm:640:25
addAddon@XPIProvider.jsm:773:14
addAddon@XPIProvider.jsm:1546:21
install@XPIInstall.jsm:3859:17
_activateAddon@XPIInstall.jsm:3876:7
1567174048032	Marionette	INFO	Listening on port 39503

###!!! [Parent][DispatchAsyncMessage] Error: PBackgroundIDBFactory::Msg_PBackgroundIDBFactoryRequestConstructor Value error: message was deserialized, but contained an illegal value


###!!! [Parent][DispatchAsyncMessage] Error: PBackgroundIDBFactory::Msg_PBackgroundIDBFactoryRequestConstructor Value error: message was deserialized, but contained an illegal value

JavaScript error: resource://services-common/kinto-offline-client.js, line 579: Error: IndexedDB getLastModified() The operation failed for reasons unrelated to the database itself and not covered by any other error code.
console.log: "RemoteSettingsWorker error: UnknownError: The operation failed for reasons unrelated to the database itself and not covered by any other error code."
JavaScript error: chrome://marionette/content/server.js, line 98: NS_ERROR_NOT_INITIALIZED: Component returned failure code: 0xc1f30001 (NS_ERROR_NOT_INITIALIZED) [nsIServerSocket.close]
1567174052011	mozrunner::runner	INFO	Running command: "/usr/bin/firefox" "-marionette" "-foreground" "-no-remote" "-profile" "/tmp/rust_mozprofile.i6ZaLvylHLZm"
1567174053934	Marionette	INFO	Stopped listening on port 41531
1567174055911	addons.webextension.screenshots@mozilla.org	WARN	Loading extension 'screenshots@mozilla.org': Reading manifest: Invalid extension permission: mozillaAddons
1567174055912	addons.webextension.screenshots@mozilla.org	WARN	Loading extension 'screenshots@mozilla.org': Reading manifest: Invalid extension permission: telemetry
1567174055913	addons.webextension.screenshots@mozilla.org	WARN	Loading extension 'screenshots@mozilla.org': Reading manifest: Invalid extension permission: resource://pdf.js/
1567174055915	addons.webextension.screenshots@mozilla.org	WARN	Loading extension 'screenshots@mozilla.org': Reading manifest: Invalid extension permission: about:reader*
1567174058445	Marionette	INFO	Stopped listening on port 41761
1567174065742	Marionette	INFO	Listening on port 33927
1567174065790	Marionette	WARN	TLS certificate errors will be ignored for this session
JavaScript warning: https://vlibras.gov.br/app/vlibras-plugin.js, line 7879: unreachable code after return statement
JavaScript error: http://127.0.0.1:8000/Usuario/cadastroEndereco/, line 89: ReferenceError: None is not defined
console.error: BroadcastService: 
  receivedBroadcastMessage: handler for
  remote-settings/monitor_changes
  threw error:
  Message: Error: Polling for changes failed: http://%(server)s/dummy/blocklist//buckets/monitor/collections/changes/records?_expected=%221567023479829%22 is not a valid URL..
  Stack:
    remoteSettingsFunction/remoteSettings.pollChanges@resource://services-settings/remote-settings.js:201:13

1567174111360	Marionette	INFO	Stopped listening on port 33927
1567174117856	mozrunner::runner	INFO	Running command: "/usr/bin/firefox" "-marionette" "-foreground" "-no-remote" "-profile" "/tmp/rust_mozprofile.LivNkcZ72Uoi"
1567174120133	addons.webextension.screenshots@mozilla.org	WARN	Loading extension 'screenshots@mozilla.org': Reading manifest: Invalid extension permission: mozillaAddons
1567174120134	addons.webextension.screenshots@mozilla.org	WARN	Loading extension 'screenshots@mozilla.org': Reading manifest: Invalid extension permission: telemetry
1567174120135	addons.webextension.screenshots@mozilla.org	WARN	Loading extension 'screenshots@mozilla.org': Reading manifest: Invalid extension permission: resource://pdf.js/
1567174120135	addons.webextension.screenshots@mozilla.org	WARN	Loading extension 'screenshots@mozilla.org': Reading manifest: Invalid extension permission: about:reader*
1567174127959	Marionette	INFO	Listening on port 45767
1567174128002	Marionette	WARN	TLS certificate errors will be ignored for this session
JavaScript warning: https://vlibras.gov.br/app/vlibras-plugin.js, line 7879: unreachable code after return statement
JavaScript error: http://127.0.0.1:8000/Usuario/cadastroEndereco/, line 89: ReferenceError: None is not defined
console.error: BroadcastService: 
  receivedBroadcastMessage: handler for
  remote-settings/monitor_changes
  threw error:
  Message: Error: Polling for changes failed: http://%(server)s/dummy/blocklist//buckets/monitor/collections/changes/records?_expected=%221567023479829%22 is not a valid URL..
  Stack:
    remoteSettingsFunction/remoteSettings.pollChanges@resource://services-settings/remote-settings.js:201:13


(firefox:14039): GLib-GObject-WARNING **: 10:14:34.715: ../../../gobject/gsignal.c:3492: signal name 'selection_changed' is invalid for instance '0x7f5fef1d3f60' of type 'MaiAtkType139'
JavaScript warning: https://ajax.googleapis.com/ajax/libs/jquery/2.0.2/jquery.min.js, line 2: Using //@ to indicate sourceMappingURL pragmas is deprecated. Use //# instead
JavaScript warning: https://vlibras.gov.br/app/vlibras-plugin.js, line 7879: unreachable code after return statement

(firefox:14039): GLib-GObject-WARNING **: 10:14:38.268: ../../../gobject/gsignal.c:3492: signal name 'selection_changed' is invalid for instance '0x7f5fef1d3f60' of type 'MaiAtkType139'

(/usr/lib/firefox/firefox:14123): dconf-WARNING **: 10:14:38.352: Unable to open /var/lib/snapd/desktop/dconf/profile/user: Permissão negada
1567174488009	Marionette	INFO	Stopped listening on port 45767
